2024-02-23 12:57:40 - INFO - =================== New Run Started: 2024-02-23 12:57:40 ===================
2024-02-23 12:57:40 - INFO - Tarning X_Reporto Started
2024-02-23 12:57:40 - INFO - MODEL_STAGE: 1
2024-02-23 12:57:40 - INFO - DEVICE: cpu
2024-02-23 12:57:40 - INFO - CONTINUE_TRAIN: False
2024-02-23 12:57:40 - INFO - TRAIN_RPN: True
2024-02-23 12:57:40 - INFO - RUN: 0
2024-02-23 12:57:40 - INFO - EPOCHS: 5
2024-02-23 12:57:40 - INFO - BATCH_SIZE: 32
2024-02-23 12:57:40 - INFO - LEARNING_RATE: 0.0001
2024-02-23 12:57:40 - INFO - SCHEDULAR_STEP_SIZE: 1500
2024-02-23 12:57:40 - INFO - SCHEDULAR_GAMMA: 0.9
2024-02-23 12:57:40 - INFO - DEBUG: True
2024-02-23 12:57:40 - INFO - training_csv_path: datasets/train.csv
2024-02-23 12:57:40 - INFO - validation_csv_path: datasets/train.csv
2024-02-23 12:57:40 - INFO - Folder 'models/0' already exists.
2024-02-23 12:57:48 - INFO - =================== New Run Started: 2024-02-23 12:57:48 ===================
2024-02-23 12:57:48 - INFO - Tarning X_Reporto Started
2024-02-23 12:57:48 - INFO - MODEL_STAGE: 1
2024-02-23 12:57:48 - INFO - DEVICE: cpu
2024-02-23 12:57:48 - INFO - CONTINUE_TRAIN: False
2024-02-23 12:57:48 - INFO - TRAIN_RPN: True
2024-02-23 12:57:48 - INFO - RUN: 0
2024-02-23 12:57:48 - INFO - EPOCHS: 5
2024-02-23 12:57:48 - INFO - BATCH_SIZE: 32
2024-02-23 12:57:48 - INFO - LEARNING_RATE: 0.0001
2024-02-23 12:57:48 - INFO - SCHEDULAR_STEP_SIZE: 1500
2024-02-23 12:57:48 - INFO - SCHEDULAR_GAMMA: 0.9
2024-02-23 12:57:48 - INFO - DEBUG: True
2024-02-23 12:57:48 - INFO - training_csv_path: datasets/train.csv
2024-02-23 12:57:48 - INFO - validation_csv_path: datasets/train.csv
2024-02-23 12:57:48 - INFO - Folder 'models/0' already exists.
2024-02-23 12:57:57 - INFO - =================== New Run Started: 2024-02-23 12:57:57 ===================
2024-02-23 12:57:57 - INFO - Tarning X_Reporto Started
2024-02-23 12:57:57 - INFO - MODEL_STAGE: 1
2024-02-23 12:57:57 - INFO - DEVICE: cpu
2024-02-23 12:57:57 - INFO - CONTINUE_TRAIN: False
2024-02-23 12:57:57 - INFO - TRAIN_RPN: True
2024-02-23 12:57:57 - INFO - RUN: 0
2024-02-23 12:57:57 - INFO - EPOCHS: 5
2024-02-23 12:57:57 - INFO - BATCH_SIZE: 32
2024-02-23 12:57:57 - INFO - LEARNING_RATE: 0.0001
2024-02-23 12:57:57 - INFO - SCHEDULAR_STEP_SIZE: 1500
2024-02-23 12:57:57 - INFO - SCHEDULAR_GAMMA: 0.9
2024-02-23 12:57:57 - INFO - DEBUG: True
2024-02-23 12:57:57 - INFO - training_csv_path: datasets/train.csv
2024-02-23 12:57:57 - INFO - validation_csv_path: datasets/train.csv
2024-02-23 12:57:57 - INFO - Folder 'models/0' already exists.
2024-02-23 12:58:09 - INFO - =================== New Run Started: 2024-02-23 12:58:09 ===================
2024-02-23 12:58:09 - INFO - Tarning X_Reporto Started
2024-02-23 12:58:09 - INFO - MODEL_STAGE: 1
2024-02-23 12:58:09 - INFO - DEVICE: cpu
2024-02-23 12:58:09 - INFO - CONTINUE_TRAIN: False
2024-02-23 12:58:09 - INFO - TRAIN_RPN: True
2024-02-23 12:58:09 - INFO - RUN: 0
2024-02-23 12:58:09 - INFO - EPOCHS: 5
2024-02-23 12:58:09 - INFO - BATCH_SIZE: 32
2024-02-23 12:58:09 - INFO - LEARNING_RATE: 0.0001
2024-02-23 12:58:09 - INFO - SCHEDULAR_STEP_SIZE: 1500
2024-02-23 12:58:09 - INFO - SCHEDULAR_GAMMA: 0.9
2024-02-23 12:58:09 - INFO - DEBUG: True
2024-02-23 12:58:09 - INFO - training_csv_path: datasets/train.csv
2024-02-23 12:58:09 - INFO - validation_csv_path: datasets/train.csv
2024-02-23 12:58:09 - INFO - Folder 'models/0' already exists.
2024-02-23 12:58:24 - INFO - =================== New Run Started: 2024-02-23 12:58:24 ===================
2024-02-23 12:58:24 - INFO - Tarning X_Reporto Started
2024-02-23 12:58:24 - INFO - MODEL_STAGE: 1
2024-02-23 12:58:24 - INFO - DEVICE: cpu
2024-02-23 12:58:24 - INFO - CONTINUE_TRAIN: False
2024-02-23 12:58:24 - INFO - TRAIN_RPN: True
2024-02-23 12:58:24 - INFO - RUN: 0
2024-02-23 12:58:24 - INFO - EPOCHS: 5
2024-02-23 12:58:24 - INFO - BATCH_SIZE: 32
2024-02-23 12:58:24 - INFO - LEARNING_RATE: 0.0001
2024-02-23 12:58:24 - INFO - SCHEDULAR_STEP_SIZE: 1500
2024-02-23 12:58:24 - INFO - SCHEDULAR_GAMMA: 0.9
2024-02-23 12:58:24 - INFO - DEBUG: True
2024-02-23 12:58:24 - INFO - training_csv_path: datasets/train.csv
2024-02-23 12:58:24 - INFO - validation_csv_path: datasets/train.csv
2024-02-23 12:58:24 - INFO - Folder 'models/0' already exists.
